<?xml version="1.0" encoding="UTF-8"?>
<robot generator="Robot 4.0.1 (Python 3.9.4 on win32)" generated="20211205 21:31:46.402" rpa="false" schemaversion="2">
<suite id="s1" name="AQMS" source="Y:\GitHub\Projects_and_related_works\PM2.5 Monitoring System\AQMS\AQMS.robot">
<test id="s1-t1" name="1. Open Website">
<kw name="Open Browser" library="Selenium2Library">
<arg>${URL}</arg>
<arg>${BROWSER}</arg>
<doc>Opens a new browser instance to the optional ``url``.</doc>
<msg timestamp="20211205 21:31:46.748" level="INFO">Opening browser 'Chrome' to base url 'http://web8.cs.ait.ac.th'.</msg>
<kw name="Capture Page Screenshot" library="Selenium2Library">
<doc>Takes a screenshot of the current page and embeds it into a log file.</doc>
<msg timestamp="20211205 21:31:50.905" level="INFO">Cannot capture screenshot because no browser is open.</msg>
<status status="PASS" starttime="20211205 21:31:50.905" endtime="20211205 21:31:50.905"/>
</kw>
<msg timestamp="20211205 21:31:50.972" level="FAIL">SessionNotCreatedException: Message: session not created: This version of ChromeDriver only supports Chrome version 90
Current browser version is 96.0.4664.45 with binary path C:\Program Files\Google\Chrome\Application\chrome.exe
</msg>
<status status="FAIL" starttime="20211205 21:31:46.748" endtime="20211205 21:31:50.973"/>
</kw>
<kw name="Maximize Browser Window" library="Selenium2Library">
<doc>Maximizes current browser window.</doc>
<status status="NOT RUN" starttime="20211205 21:31:50.973" endtime="20211205 21:31:50.973"/>
</kw>
<kw name="Set Selenium Speed" library="Selenium2Library">
<arg>1</arg>
<doc>Sets the delay that is waited after each Selenium command.</doc>
<status status="NOT RUN" starttime="20211205 21:31:50.973" endtime="20211205 21:31:50.973"/>
</kw>
<status status="FAIL" starttime="20211205 21:31:46.747" endtime="20211205 21:31:50.974">SessionNotCreatedException: Message: session not created: This version of ChromeDriver only supports Chrome version 90
Current browser version is 96.0.4664.45 with binary path C:\Program Files\Google\Chrome\Application\chrome.exe
</status>
</test>
<test id="s1-t2" name="2. close Browser">
<kw name="Close Browser" library="Selenium2Library">
<doc>Closes the current browser.</doc>
<status status="PASS" starttime="20211205 21:31:50.976" endtime="20211205 21:31:50.976"/>
</kw>
<status status="PASS" starttime="20211205 21:31:50.975" endtime="20211205 21:31:50.976"/>
</test>
<status status="FAIL" starttime="20211205 21:31:46.405" endtime="20211205 21:31:50.977"/>
</suite>
<statistics>
<total>
<stat pass="1" fail="1" skip="0">All Tests</stat>
</total>
<tag>
</tag>
<suite>
<stat pass="1" fail="1" skip="0" id="s1" name="AQMS">AQMS</stat>
</suite>
</statistics>
<errors>
</errors>
</robot>
